<?xml version="1.0" encoding="UTF-8"?>
<!-- Generated by org.testng.reporters.JUnitReportReporter -->
<testsuite hostname="OMC-2J85W93" failures="0" tests="1" name="Demoproject.Demoproject.testngclass" time="0.007" errors="0" timestamp="2023-07-21T17:53:34 IST" skipped="0">
  <testcase classname="Demoproject.Demoproject.testngclass" name="ab" time="0.007"/>
  <system-out/>
</testsuite> <!-- Demoproject.Demoproject.testngclass -->
